Copyright 1986-2020 Xilinx, Inc. All Rights Reserved.
----------------------------------------------------------------------------------------------
| Tool Version : Vivado v.2020.2 (win64) Build 3064766 Wed Nov 18 09:12:45 MST 2020
| Date         : Thu Apr  3 13:57:45 2025
| Host         : ensc-pit-w26 running 64-bit major release  (build 9200)
| Command      : report_control_sets -verbose -file ip_design_wrapper_control_sets_placed.rpt
| Design       : ip_design_wrapper
| Device       : xc7z020
----------------------------------------------------------------------------------------------

Control Set Information

Table of Contents
-----------------
1. Summary
2. Histogram
3. Flip-Flop Distribution
4. Detailed Control Set Information

1. Summary
----------

+----------------------------------------------------------+-------+
|                          Status                          | Count |
+----------------------------------------------------------+-------+
| Total control sets                                       |   149 |
|    Minimum number of control sets                        |   149 |
|    Addition due to synthesis replication                 |     0 |
|    Addition due to physical synthesis replication        |     0 |
| Unused register locations in slices containing registers |   431 |
+----------------------------------------------------------+-------+
* Control sets can be merged at opt_design using control_set_merge or merge_equivalent_drivers
** Run report_qor_suggestions for automated merging and remapping suggestions


2. Histogram
------------

+--------------------+-------+
|       Fanout       | Count |
+--------------------+-------+
| Total control sets |   149 |
| >= 0 to < 4        |    20 |
| >= 4 to < 6        |    21 |
| >= 6 to < 8        |     8 |
| >= 8 to < 10       |    25 |
| >= 10 to < 12      |     7 |
| >= 12 to < 14      |     8 |
| >= 14 to < 16      |     3 |
| >= 16              |    57 |
+--------------------+-------+
* Control sets can be remapped at either synth_design or opt_design


3. Flip-Flop Distribution
-------------------------

+--------------+-----------------------+------------------------+-----------------+--------------+
| Clock Enable | Synchronous Set/Reset | Asynchronous Set/Reset | Total Registers | Total Slices |
+--------------+-----------------------+------------------------+-----------------+--------------+
| No           | No                    | No                     |             553 |          165 |
| No           | No                    | Yes                    |              40 |           13 |
| No           | Yes                   | No                     |             308 |           99 |
| Yes          | No                    | No                     |             848 |          190 |
| Yes          | No                    | Yes                    |              87 |           23 |
| Yes          | Yes                   | No                     |             941 |          260 |
+--------------+-----------------------+------------------------+-----------------+--------------+


4. Detailed Control Set Information
-----------------------------------

+--------------------------------------------------+-----------------------------------------------------------------------------------------------------------------------------------------------------------------+---------------------------------------------------------------------------------------------------------------------------------------------------------------+------------------+----------------+--------------+
|                   Clock Signal                   |                                                                          Enable Signal                                                                          |                                                                        Set/Reset Signal                                                                       | Slice Load Count | Bel Load Count | Bels / Slice |
+--------------------------------------------------+-----------------------------------------------------------------------------------------------------------------------------------------------------------------+---------------------------------------------------------------------------------------------------------------------------------------------------------------+------------------+----------------+--------------+
|  ip_design_i/processing_system7_0/inst/FCLK_CLK0 |                                                                                                                                                                 | ip_design_i/axi_timer_0/U0/AXI4_LITE_I/I_SLAVE_ATTACHMENT/I_DECODER/GEN_BKEND_CE_REGISTERS[4].ce_out_i_reg[4]_0                                               |                1 |              1 |         1.00 |
|  ip_design_i/processing_system7_0/inst/FCLK_CLK0 |                                                                                                                                                                 | ip_design_i/axi_timer_0/U0/AXI4_LITE_I/I_SLAVE_ATTACHMENT/I_DECODER/GEN_BKEND_CE_REGISTERS[0].ce_out_i_reg[0]_0                                               |                1 |              1 |         1.00 |
|  ip_design_i/processing_system7_0/inst/FCLK_CLK0 |                                                                                                                                                                 | ip_design_i/axi_timer_0/U0/TC_CORE_I/TIMER_CONTROL_I/READ_DONE0_I_i_1_n_0                                                                                     |                1 |              1 |         1.00 |
|  ip_design_i/processing_system7_0/inst/FCLK_CLK0 |                                                                                                                                                                 | ip_design_i/axi_timer_0/U0/TC_CORE_I/TIMER_CONTROL_I/READ_DONE1_I_i_1_n_0                                                                                     |                1 |              1 |         1.00 |
|  ip_design_i/processing_system7_0/inst/FCLK_CLK0 | ip_design_i/ps7_0_axi_periph/s00_couplers/auto_pc/inst/gen_axilite.gen_b2s_conv.axilite_b2s/WR.aw_channel_0/aw_cmd_fsm_0/FSM_sequential_state_reg[0]_1          | ip_design_i/ps7_0_axi_periph/s00_couplers/auto_pc/inst/gen_axilite.gen_b2s_conv.axilite_b2s/WR.aw_channel_0/aw_cmd_fsm_0/FSM_sequential_state_reg[0]_0        |                1 |              1 |         1.00 |
|  ip_design_i/clk_wiz_0/inst/clk_out1             |                                                                                                                                                                 | ip_design_i/proc_sys_reset_0/U0/peripheral_reset[0]                                                                                                           |                1 |              2 |         2.00 |
|  ip_design_i/processing_system7_0/inst/FCLK_CLK0 | ip_design_i/ps7_0_axi_periph/m00_couplers/auto_cc/inst/gen_clock_conv.gen_async_lite_conv.clock_conv_lite_resp_b/handshake/dest_hsdata_en                       |                                                                                                                                                               |                1 |              2 |         2.00 |
|  ip_design_i/processing_system7_0/inst/FCLK_CLK0 |                                                                                                                                                                 | ip_design_i/proc_sys_reset_0/U0/peripheral_reset[0]                                                                                                           |                1 |              2 |         2.00 |
|  ip_design_i/processing_system7_0/inst/FCLK_CLK0 | ip_design_i/ps7_0_axi_periph/s00_couplers/auto_pc/inst/gen_axilite.gen_b2s_conv.axilite_b2s/WR.b_channel_0/bid_fifo_0/sel                                       |                                                                                                                                                               |                1 |              2 |         2.00 |
|  ip_design_i/processing_system7_0/inst/FCLK_CLK2 | ip_design_i/ps7_0_axi_periph/m00_couplers/auto_cc/inst/gen_clock_conv.gen_async_lite_conv.clock_conv_lite_fwd_aw/handshake/dest_hsdata_en                       |                                                                                                                                                               |                1 |              2 |         2.00 |
|  ip_design_i/processing_system7_0/inst/FCLK_CLK2 | ip_design_i/ps7_0_axi_periph/m00_couplers/auto_cc/inst/gen_clock_conv.gen_async_lite_conv.clock_conv_lite_fwd_ar/handshake/dest_hsdata_en                       |                                                                                                                                                               |                1 |              2 |         2.00 |
|  ip_design_i/processing_system7_0/inst/FCLK_CLK0 | ip_design_i/ps7_0_axi_periph/m03_couplers/auto_cc/inst/gen_clock_conv.gen_async_lite_conv.clock_conv_lite_resp_b/handshake/dest_hsdata_en                       |                                                                                                                                                               |                1 |              2 |         2.00 |
|  ip_design_i/processing_system7_0/inst/FCLK_CLK0 | ip_design_i/ps7_0_axi_periph/m00_couplers/auto_cc/inst/gen_clock_conv.gen_async_lite_conv.clock_conv_lite_fwd_aw/handshake/p_0_in                               |                                                                                                                                                               |                1 |              2 |         2.00 |
|  ip_design_i/processing_system7_0/inst/FCLK_CLK0 | ip_design_i/ps7_0_axi_periph/m00_couplers/auto_cc/inst/gen_clock_conv.gen_async_lite_conv.clock_conv_lite_fwd_ar/handshake/p_0_in                               |                                                                                                                                                               |                1 |              2 |         2.00 |
|  ip_design_i/clk_wiz_0/inst/clk_out1             |                                                                                                                                                                 | ip_design_i/vga_controller_0/U0/fifo/U0/inst_fifo_gen/gconvfifo.rf/grf.rf/rstblk/ngwrdrst.grst.g7serrst.gnsckt_wrst.gic_rst.rst_rd_reg2_inst/arststages_ff[1] |                1 |              3 |         3.00 |
|  ip_design_i/processing_system7_0/inst/FCLK_CLK0 |                                                                                                                                                                 | ip_design_i/vga_controller_0/U0/fifo/U0/inst_fifo_gen/gconvfifo.rf/grf.rf/rstblk/rst_d2                                                                       |                2 |              3 |         1.50 |
|  ip_design_i/processing_system7_0/inst/FCLK_CLK0 | ip_design_i/ps7_0_axi_periph/m03_couplers/auto_cc/inst/gen_clock_conv.gen_async_lite_conv.clock_conv_lite_fwd_ar/handshake/p_0_in                               |                                                                                                                                                               |                1 |              3 |         3.00 |
|  ip_design_i/processing_system7_0/inst/FCLK_CLK0 | ip_design_i/ps7_0_axi_periph/m03_couplers/auto_cc/inst/gen_clock_conv.gen_async_lite_conv.clock_conv_lite_fwd_aw/handshake/p_0_in                               |                                                                                                                                                               |                1 |              3 |         3.00 |
|  ip_design_i/processing_system7_0/inst/FCLK_CLK2 | ip_design_i/ps7_0_axi_periph/m03_couplers/auto_cc/inst/gen_clock_conv.gen_async_lite_conv.clock_conv_lite_fwd_aw/handshake/dest_hsdata_en                       |                                                                                                                                                               |                1 |              3 |         3.00 |
|  ip_design_i/processing_system7_0/inst/FCLK_CLK2 | ip_design_i/ps7_0_axi_periph/m03_couplers/auto_cc/inst/gen_clock_conv.gen_async_lite_conv.clock_conv_lite_fwd_ar/handshake/dest_hsdata_en                       |                                                                                                                                                               |                1 |              3 |         3.00 |
|  ip_design_i/clk_wiz_0/inst/clk_out1             |                                                                                                                                                                 | ip_design_i/proc_sys_reset_0/U0/EXT_LPF/lpf_int                                                                                                               |                1 |              4 |         4.00 |
|  ip_design_i/processing_system7_0/inst/FCLK_CLK0 | ip_design_i/ps7_0_axi_periph/s00_couplers/auto_pc/inst/gen_axilite.gen_b2s_conv.axilite_b2s/RD.ar_channel_0/ar_cmd_fsm_0/m_axi_arready_2                        | ip_design_i/ps7_0_axi_periph/s00_couplers/auto_pc/inst/gen_axilite.gen_b2s_conv.axilite_b2s/RD.ar_channel_0/ar_cmd_fsm_0/FSM_sequential_state_reg[1]_0        |                2 |              4 |         2.00 |
|  ip_design_i/processing_system7_0/inst/FCLK_CLK0 | ip_design_i/axi_timer_0/U0/AXI4_LITE_I/I_SLAVE_ATTACHMENT/I_DECODER/pair0_Select                                                                                | ip_design_i/axi_timer_0/U0/TC_CORE_I/GEN_SECOND_TIMER.COUNTER_1_I/COUNTER_I/s_axi_aresetn_0                                                                   |                2 |              4 |         2.00 |
|  ip_design_i/processing_system7_0/inst/FCLK_CLK0 |                                                                                                                                                                 | ip_design_i/axi_gpio_1/U0/AXI_LITE_IPIF_I/I_SLAVE_ATTACHMENT/clear                                                                                            |                1 |              4 |         4.00 |
|  ip_design_i/processing_system7_0/inst/FCLK_CLK0 |                                                                                                                                                                 | ip_design_i/ps7_0_axi_periph/s00_couplers/auto_pc/inst/gen_axilite.gen_b2s_conv.axilite_b2s/SI_REG/aw.aw_pipe/aresetn_d_reg[0]_0                              |                2 |              4 |         2.00 |
|  ip_design_i/processing_system7_0/inst/FCLK_CLK0 |                                                                                                                                                                 | ip_design_i/ps7_0_axi_periph/s00_couplers/auto_pc/inst/gen_axilite.gen_b2s_conv.axilite_b2s/SI_REG/ar.ar_pipe/aresetn_d_reg[1]_inv_0                          |                3 |              4 |         1.33 |
|  ip_design_i/processing_system7_0/inst/FCLK_CLK0 | ip_design_i/axi_gpio_0/U0/AXI_LITE_IPIF_I/I_SLAVE_ATTACHMENT/start2                                                                                             | ip_design_i/axi_gpio_0/U0/AXI_LITE_IPIF_I/I_SLAVE_ATTACHMENT/I_DECODER/cs_ce_clr                                                                              |                2 |              4 |         2.00 |
|  ip_design_i/processing_system7_0/inst/FCLK_CLK0 |                                                                                                                                                                 | ip_design_i/axi_gpio_0/U0/AXI_LITE_IPIF_I/I_SLAVE_ATTACHMENT/clear                                                                                            |                1 |              4 |         4.00 |
|  ip_design_i/processing_system7_0/inst/FCLK_CLK2 |                                                                                                                                                                 | ip_design_i/zed_audio_ctrl_0/U0/AXI_LITE_IPIF_I/I_SLAVE_ATTACHMENT/dpto_cnt0                                                                                  |                1 |              4 |         4.00 |
|  ip_design_i/processing_system7_0/inst/FCLK_CLK0 | ip_design_i/axi_gpio_0/U0/AXI_LITE_IPIF_I/I_SLAVE_ATTACHMENT/bus2ip_addr_i[8]_i_1_n_0                                                                           | ip_design_i/axi_gpio_0/U0/AXI_LITE_IPIF_I/I_SLAVE_ATTACHMENT/SR[0]                                                                                            |                1 |              4 |         4.00 |
|  ip_design_i/processing_system7_0/inst/FCLK_CLK2 |                                                                                                                                                                 | ip_design_i/rst_ps7_0_100M/U0/EXT_LPF/lpf_int                                                                                                                 |                2 |              4 |         2.00 |
|  ip_design_i/processing_system7_0/inst/FCLK_CLK0 | ip_design_i/axi_timer_0/U0/AXI4_LITE_I/I_SLAVE_ATTACHMENT/bus2ip_addr_i[4]_i_1_n_0                                                                              | ip_design_i/axi_timer_0/U0/AXI4_LITE_I/I_SLAVE_ATTACHMENT/rst                                                                                                 |                1 |              4 |         4.00 |
|  ip_design_i/processing_system7_0/inst/FCLK_CLK0 | ip_design_i/axi_gpio_0/U0/AXI_LITE_IPIF_I/I_SLAVE_ATTACHMENT/I_DECODER/E[0]                                                                                     | ip_design_i/axi_gpio_0/U0/AXI_LITE_IPIF_I/I_SLAVE_ATTACHMENT/SR[0]                                                                                            |                1 |              5 |         5.00 |
|  ip_design_i/processing_system7_0/inst/FCLK_CLK2 | ip_design_i/zed_audio_ctrl_0/U0/USER_LOGIC_I/Inst_iis_ser/FSM_onehot_iis_state[4]_i_1_n_0                                                                       |                                                                                                                                                               |                1 |              5 |         5.00 |
|  ip_design_i/processing_system7_0/inst/FCLK_CLK0 |                                                                                                                                                                 | ip_design_i/axi_gpio_0/U0/AXI_LITE_IPIF_I/I_SLAVE_ATTACHMENT/I_DECODER/bus2ip_rnw_i_reg                                                                       |                2 |              5 |         2.50 |
|  ip_design_i/processing_system7_0/inst/FCLK_CLK0 | ip_design_i/ps7_0_axi_periph/s00_couplers/auto_pc/inst/gen_axilite.gen_b2s_conv.axilite_b2s/RD.r_channel_0/transaction_fifo_0/cnt_read[4]_i_1_n_0               | ip_design_i/ps7_0_axi_periph/s00_couplers/auto_pc/inst/gen_axilite.gen_b2s_conv.axilite_b2s/areset_d1                                                         |                3 |              5 |         1.67 |
|  ip_design_i/processing_system7_0/inst/FCLK_CLK2 | ip_design_i/zed_audio_ctrl_0/U0/USER_LOGIC_I/Inst_iis_deser/sclk_d1_reg_0[0]                                                                                    | ip_design_i/zed_audio_ctrl_0/U0/USER_LOGIC_I/Inst_iis_ser/bit_cntr[4]_i_1__0_n_0                                                                              |                2 |              5 |         2.50 |
|  ip_design_i/processing_system7_0/inst/FCLK_CLK0 | ip_design_i/axi_gpio_1/U0/AXI_LITE_IPIF_I/I_SLAVE_ATTACHMENT/I_DECODER/E[0]                                                                                     | ip_design_i/axi_gpio_1/U0/AXI_LITE_IPIF_I/I_SLAVE_ATTACHMENT/SR[0]                                                                                            |                1 |              5 |         5.00 |
|  ip_design_i/processing_system7_0/inst/FCLK_CLK2 | ip_design_i/zed_audio_ctrl_0/U0/AXI_LITE_IPIF_I/I_SLAVE_ATTACHMENT/I_DECODER/start                                                                              | ip_design_i/zed_audio_ctrl_0/U0/AXI_LITE_IPIF_I/I_SLAVE_ATTACHMENT/I_DECODER/cs_ce_clr                                                                        |                2 |              5 |         2.50 |
|  ip_design_i/processing_system7_0/inst/FCLK_CLK2 | ip_design_i/zed_audio_ctrl_0/U0/USER_LOGIC_I/Inst_iis_deser/bit_rdy                                                                                             | ip_design_i/zed_audio_ctrl_0/U0/USER_LOGIC_I/Inst_iis_deser/bit_cntr[4]_i_1_n_0                                                                               |                2 |              5 |         2.50 |
|  ip_design_i/processing_system7_0/inst/FCLK_CLK0 | ip_design_i/ps7_0_axi_periph/s00_couplers/auto_pc/inst/gen_axilite.gen_b2s_conv.axilite_b2s/RD.r_channel_0/rd_data_fifo_0/cnt_read[4]_i_1__0_n_0                | ip_design_i/ps7_0_axi_periph/s00_couplers/auto_pc/inst/gen_axilite.gen_b2s_conv.axilite_b2s/areset_d1                                                         |                2 |              5 |         2.50 |
|  ip_design_i/processing_system7_0/inst/FCLK_CLK2 | ip_design_i/rst_ps7_0_100M/U0/SEQ/seq_cnt_en                                                                                                                    | ip_design_i/rst_ps7_0_100M/U0/SEQ/SEQ_COUNTER/clear                                                                                                           |                1 |              6 |         6.00 |
|  ip_design_i/processing_system7_0/inst/FCLK_CLK2 |                                                                                                                                                                 | ip_design_i/zed_audio_ctrl_0/U0/AXI_LITE_IPIF_I/I_SLAVE_ATTACHMENT/rst                                                                                        |                3 |              6 |         2.00 |
|  ip_design_i/processing_system7_0/inst/FCLK_CLK0 |                                                                                                                                                                 | ip_design_i/axi_timer_0/U0/AXI4_LITE_I/I_SLAVE_ATTACHMENT/INCLUDE_DPHASE_TIMER.dpto_cnt[5]_i_1_n_0                                                            |                2 |              6 |         3.00 |
|  ip_design_i/clk_wiz_0/inst/clk_out1             | ip_design_i/proc_sys_reset_0/U0/SEQ/seq_cnt_en                                                                                                                  | ip_design_i/proc_sys_reset_0/U0/SEQ/SEQ_COUNTER/clear                                                                                                         |                1 |              6 |         6.00 |
|  ip_design_i/processing_system7_0/inst/FCLK_CLK0 | ip_design_i/bonustimer/U0/bonustimer_v1_0_S00_AXI_inst/slv_reg1[13]_i_1_n_0                                                                                     | ip_design_i/bonustimer/U0/bonustimer_v1_0_S00_AXI_inst/axi_awready_i_1_n_0                                                                                    |                2 |              6 |         3.00 |
|  ip_design_i/processing_system7_0/inst/FCLK_CLK0 | ip_design_i/axi_gpio_0/U0/AXI_LITE_IPIF_I/I_SLAVE_ATTACHMENT/s_axi_rresp_i                                                                                      | ip_design_i/axi_gpio_0/U0/AXI_LITE_IPIF_I/I_SLAVE_ATTACHMENT/SR[0]                                                                                            |                2 |              6 |         3.00 |
|  ip_design_i/processing_system7_0/inst/FCLK_CLK0 | ip_design_i/axi_timer_0/U0/AXI4_LITE_I/I_SLAVE_ATTACHMENT/start2                                                                                                | ip_design_i/axi_timer_0/U0/AXI4_LITE_I/I_SLAVE_ATTACHMENT/I_DECODER/cs_ce_clr                                                                                 |                2 |              7 |         3.50 |
|  ip_design_i/processing_system7_0/inst/FCLK_CLK2 | ip_design_i/zed_audio_ctrl_0/U0/USER_LOGIC_I/Inst_iis_deser/FSM_onehot_iis_state[6]_i_1_n_0                                                                     |                                                                                                                                                               |                2 |              7 |         3.50 |
|  ip_design_i/processing_system7_0/inst/FCLK_CLK0 | ip_design_i/axi_timer_0/U0/AXI4_LITE_I/I_SLAVE_ATTACHMENT/I_DECODER/bus2ip_wrce[0]                                                                              | ip_design_i/axi_timer_0/U0/TC_CORE_I/GEN_SECOND_TIMER.COUNTER_1_I/COUNTER_I/s_axi_aresetn_0                                                                   |                1 |              8 |         8.00 |
|  ip_design_i/processing_system7_0/inst/FCLK_CLK2 | ip_design_i/led_controller_0/U0/led_controller_v1_0_S00_AXI_inst/slv_reg3[15]_i_1_n_0                                                                           | ip_design_i/led_controller_0/U0/led_controller_v1_0_S00_AXI_inst/slv_reg0[7]_i_1_n_0                                                                          |                2 |              8 |         4.00 |
|  ip_design_i/processing_system7_0/inst/FCLK_CLK0 | ip_design_i/ps7_0_axi_periph/s00_couplers/auto_pc/inst/gen_axilite.gen_b2s_conv.axilite_b2s/WR.b_channel_0/mhandshake_r                                         | ip_design_i/ps7_0_axi_periph/s00_couplers/auto_pc/inst/gen_axilite.gen_b2s_conv.axilite_b2s/WR.b_channel_0/bid_fifo_0/SR[0]                                   |                2 |              8 |         4.00 |
|  ip_design_i/processing_system7_0/inst/FCLK_CLK0 | ip_design_i/bonustimer/U0/bonustimer_v1_0_S00_AXI_inst/slv_reg1[7]_i_1_n_0                                                                                      | ip_design_i/bonustimer/U0/bonustimer_v1_0_S00_AXI_inst/axi_awready_i_1_n_0                                                                                    |                2 |              8 |         4.00 |
|  ip_design_i/processing_system7_0/inst/FCLK_CLK2 | ip_design_i/led_controller_0/U0/led_controller_v1_0_S00_AXI_inst/p_1_in[23]                                                                                     | ip_design_i/led_controller_0/U0/led_controller_v1_0_S00_AXI_inst/slv_reg0[7]_i_1_n_0                                                                          |                2 |              8 |         4.00 |
|  ip_design_i/processing_system7_0/inst/FCLK_CLK0 | ip_design_i/axi_gpio_1/U0/AXI_LITE_IPIF_I/I_SLAVE_ATTACHMENT/bus2ip_addr_i[8]_i_1_n_0                                                                           | ip_design_i/axi_gpio_1/U0/AXI_LITE_IPIF_I/I_SLAVE_ATTACHMENT/SR[0]                                                                                            |                4 |              8 |         2.00 |
|  ip_design_i/processing_system7_0/inst/FCLK_CLK0 | ip_design_i/axi_gpio_1/U0/AXI_LITE_IPIF_I/I_SLAVE_ATTACHMENT/I_DECODER/bus2ip_rnw_i_reg[0]                                                                      | ip_design_i/axi_gpio_1/U0/AXI_LITE_IPIF_I/I_SLAVE_ATTACHMENT/SR[0]                                                                                            |                1 |              8 |         8.00 |
|  ip_design_i/processing_system7_0/inst/FCLK_CLK2 | ip_design_i/led_controller_0/U0/led_controller_v1_0_S00_AXI_inst/slv_reg1[31]_i_1_n_0                                                                           | ip_design_i/led_controller_0/U0/led_controller_v1_0_S00_AXI_inst/slv_reg0[7]_i_1_n_0                                                                          |                1 |              8 |         8.00 |
|  ip_design_i/processing_system7_0/inst/FCLK_CLK2 | ip_design_i/led_controller_0/U0/led_controller_v1_0_S00_AXI_inst/slv_reg3[23]_i_1_n_0                                                                           | ip_design_i/led_controller_0/U0/led_controller_v1_0_S00_AXI_inst/slv_reg0[7]_i_1_n_0                                                                          |                1 |              8 |         8.00 |
|  ip_design_i/processing_system7_0/inst/FCLK_CLK2 | ip_design_i/led_controller_0/U0/led_controller_v1_0_S00_AXI_inst/p_1_in[31]                                                                                     | ip_design_i/led_controller_0/U0/led_controller_v1_0_S00_AXI_inst/slv_reg0[7]_i_1_n_0                                                                          |                1 |              8 |         8.00 |
|  ip_design_i/processing_system7_0/inst/FCLK_CLK2 | ip_design_i/led_controller_0/U0/led_controller_v1_0_S00_AXI_inst/slv_reg2[31]_i_1_n_0                                                                           | ip_design_i/led_controller_0/U0/led_controller_v1_0_S00_AXI_inst/slv_reg0[7]_i_1_n_0                                                                          |                1 |              8 |         8.00 |
|  ip_design_i/processing_system7_0/inst/FCLK_CLK2 | ip_design_i/led_controller_0/U0/led_controller_v1_0_S00_AXI_inst/slv_reg2[23]_i_1_n_0                                                                           | ip_design_i/led_controller_0/U0/led_controller_v1_0_S00_AXI_inst/slv_reg0[7]_i_1_n_0                                                                          |                1 |              8 |         8.00 |
|  ip_design_i/processing_system7_0/inst/FCLK_CLK2 | ip_design_i/led_controller_0/U0/led_controller_v1_0_S00_AXI_inst/slv_reg2[7]_i_1_n_0                                                                            | ip_design_i/led_controller_0/U0/led_controller_v1_0_S00_AXI_inst/slv_reg0[7]_i_1_n_0                                                                          |                1 |              8 |         8.00 |
|  ip_design_i/processing_system7_0/inst/FCLK_CLK2 | ip_design_i/led_controller_0/U0/led_controller_v1_0_S00_AXI_inst/slv_reg2[15]_i_1_n_0                                                                           | ip_design_i/led_controller_0/U0/led_controller_v1_0_S00_AXI_inst/slv_reg0[7]_i_1_n_0                                                                          |                1 |              8 |         8.00 |
|  ip_design_i/processing_system7_0/inst/FCLK_CLK2 | ip_design_i/led_controller_0/U0/led_controller_v1_0_S00_AXI_inst/p_1_in[15]                                                                                     | ip_design_i/led_controller_0/U0/led_controller_v1_0_S00_AXI_inst/slv_reg0[7]_i_1_n_0                                                                          |                2 |              8 |         4.00 |
|  ip_design_i/processing_system7_0/inst/FCLK_CLK2 | ip_design_i/led_controller_0/U0/led_controller_v1_0_S00_AXI_inst/slv_reg1[23]_i_1_n_0                                                                           | ip_design_i/led_controller_0/U0/led_controller_v1_0_S00_AXI_inst/slv_reg0[7]_i_1_n_0                                                                          |                1 |              8 |         8.00 |
|  ip_design_i/processing_system7_0/inst/FCLK_CLK2 | ip_design_i/led_controller_0/U0/led_controller_v1_0_S00_AXI_inst/slv_reg1[7]_i_1_n_0                                                                            | ip_design_i/led_controller_0/U0/led_controller_v1_0_S00_AXI_inst/slv_reg0[7]_i_1_n_0                                                                          |                1 |              8 |         8.00 |
|  ip_design_i/processing_system7_0/inst/FCLK_CLK2 | ip_design_i/led_controller_0/U0/led_controller_v1_0_S00_AXI_inst/slv_reg3[31]_i_1_n_0                                                                           | ip_design_i/led_controller_0/U0/led_controller_v1_0_S00_AXI_inst/slv_reg0[7]_i_1_n_0                                                                          |                1 |              8 |         8.00 |
|  ip_design_i/processing_system7_0/inst/FCLK_CLK2 | ip_design_i/led_controller_0/U0/led_controller_v1_0_S00_AXI_inst/slv_reg3[7]_i_1_n_0                                                                            | ip_design_i/led_controller_0/U0/led_controller_v1_0_S00_AXI_inst/slv_reg0[7]_i_1_n_0                                                                          |                1 |              8 |         8.00 |
|  ip_design_i/processing_system7_0/inst/FCLK_CLK2 | ip_design_i/led_controller_0/U0/led_controller_v1_0_S00_AXI_inst/slv_reg1[15]_i_1_n_0                                                                           | ip_design_i/led_controller_0/U0/led_controller_v1_0_S00_AXI_inst/slv_reg0[7]_i_1_n_0                                                                          |                1 |              8 |         8.00 |
|  ip_design_i/processing_system7_0/inst/FCLK_CLK0 |                                                                                                                                                                 | ip_design_i/vga_controller_0/U0/fifo/U0/inst_fifo_gen/gconvfifo.rf/grf.rf/rstblk/ngwrdrst.grst.g7serrst.gnsckt_wrst.rst_wr_reg2_inst/arststages_ff[1]         |                2 |              9 |         4.50 |
|  ip_design_i/processing_system7_0/inst/FCLK_CLK2 |                                                                                                                                                                 | ip_design_i/led_controller_0/U0/led_controller_v1_0_S00_AXI_inst/slv_reg0[7]_i_1_n_0                                                                          |                3 |              9 |         3.00 |
|  ip_design_i/processing_system7_0/inst/FCLK_CLK0 | ip_design_i/vga_controller_0/U0/current_base_addr[24]_i_1_n_0                                                                                                   | ip_design_i/vga_controller_0/U0/rd_addr_reg[31]_i_1_n_0                                                                                                       |                3 |              9 |         3.00 |
|  ip_design_i/processing_system7_0/inst/FCLK_CLK0 | ip_design_i/axi_timer_0/U0/AXI4_LITE_I/I_SLAVE_ATTACHMENT/I_DECODER/bus2ip_wrce[1]                                                                              | ip_design_i/axi_timer_0/U0/TC_CORE_I/GEN_SECOND_TIMER.COUNTER_1_I/COUNTER_I/s_axi_aresetn_0                                                                   |                2 |              9 |         4.50 |
|  ip_design_i/clk_wiz_0/inst/clk_out1             | ip_design_i/vga_controller_0/U0/rd_en2                                                                                                                          | ip_design_i/vga_controller_0/U0/h_count[9]_i_1_n_0                                                                                                            |                3 |              9 |         3.00 |
|  ip_design_i/clk_wiz_0/inst/clk_out1             |                                                                                                                                                                 | ip_design_i/vga_controller_0/U0/fifo/U0/inst_fifo_gen/gconvfifo.rf/grf.rf/rstblk/ngwrdrst.grst.g7serrst.gnsckt_wrst.gic_rst.sckt_rd_rst_ic_reg_0              |                3 |             10 |         3.33 |
|  ip_design_i/processing_system7_0/inst/FCLK_CLK0 | ip_design_i/axi_gpio_1/U0/AXI_LITE_IPIF_I/I_SLAVE_ATTACHMENT/s_axi_rresp_i                                                                                      | ip_design_i/axi_gpio_1/U0/AXI_LITE_IPIF_I/I_SLAVE_ATTACHMENT/SR[0]                                                                                            |                4 |             10 |         2.50 |
|  ip_design_i/processing_system7_0/inst/FCLK_CLK0 |                                                                                                                                                                 | ip_design_i/ps7_0_axi_periph/s00_couplers/auto_pc/inst/gen_axilite.gen_b2s_conv.axilite_b2s/areset_d1                                                         |                4 |             10 |         2.50 |
|  ip_design_i/clk_wiz_0/inst/clk_out1             | ip_design_i/vga_controller_0/U0/v_count_en                                                                                                                      | ip_design_i/vga_controller_0/U0/p_1_in[2]                                                                                                                     |                3 |             10 |         3.33 |
|  ip_design_i/processing_system7_0/inst/FCLK_CLK0 |                                                                                                                                                                 | ip_design_i/vga_controller_0/U0/fifo/U0/inst_fifo_gen/gconvfifo.rf/grf.rf/rstblk/AR[0]                                                                        |                3 |             11 |         3.67 |
|  ip_design_i/processing_system7_0/inst/FCLK_CLK0 |                                                                                                                                                                 | ip_design_i/bonustimer/U0/bonustimer_v1_0_S00_AXI_inst/axi_awready_i_1_n_0                                                                                    |                4 |             11 |         2.75 |
|  ip_design_i/processing_system7_0/inst/FCLK_CLK0 |                                                                                                                                                                 | ip_design_i/axi_timer_0/U0/AXI4_LITE_I/I_SLAVE_ATTACHMENT/rst                                                                                                 |                4 |             11 |         2.75 |
|  ip_design_i/processing_system7_0/inst/FCLK_CLK0 | ip_design_i/ps7_0_axi_periph/s00_couplers/auto_pc/inst/gen_axilite.gen_b2s_conv.axilite_b2s/RD.ar_channel_0/ar_cmd_fsm_0/E[0]                                   |                                                                                                                                                               |                4 |             12 |         3.00 |
|  ip_design_i/processing_system7_0/inst/FCLK_CLK0 | ip_design_i/ps7_0_axi_periph/s00_couplers/auto_pc/inst/gen_axilite.gen_b2s_conv.axilite_b2s/RD.ar_channel_0/ar_cmd_fsm_0/sel_first_reg[0]                       |                                                                                                                                                               |                3 |             12 |         4.00 |
|  ip_design_i/processing_system7_0/inst/FCLK_CLK0 | ip_design_i/ps7_0_axi_periph/s00_couplers/auto_pc/inst/gen_axilite.gen_b2s_conv.axilite_b2s/WR.aw_channel_0/cmd_translator_0/incr_cmd_0/axaddr_incr[11]_i_1_n_0 |                                                                                                                                                               |                4 |             12 |         3.00 |
|  ip_design_i/processing_system7_0/inst/FCLK_CLK0 |                                                                                                                                                                 | ip_design_i/axi_timer_0/U0/TC_CORE_I/GEN_SECOND_TIMER.COUNTER_1_I/COUNTER_I/s_axi_aresetn_0                                                                   |                3 |             12 |         4.00 |
|  ip_design_i/processing_system7_0/inst/FCLK_CLK0 | ip_design_i/ps7_0_axi_periph/s00_couplers/auto_pc/inst/gen_axilite.gen_b2s_conv.axilite_b2s/WR.aw_channel_0/aw_cmd_fsm_0/m_valid_i_reg[0]                       |                                                                                                                                                               |                3 |             12 |         4.00 |
|  ip_design_i/clk_wiz_0/inst/clk_out1             | ip_design_i/vga_controller_0/U0/fifo/U0/inst_fifo_gen/gconvfifo.rf/grf.rf/gntv_or_sync_fifo.gl0.rd/gr1.gr1_int.rfwft/E[0]                                       | ip_design_i/vga_controller_0/U0/fifo/U0/inst_fifo_gen/gconvfifo.rf/grf.rf/rstblk/ngwrdrst.grst.g7serrst.gnsckt_wrst.gic_rst.sckt_rd_rst_ic_reg_0              |                4 |             12 |         3.00 |
|  ip_design_i/processing_system7_0/inst/FCLK_CLK0 |                                                                                                                                                                 | ip_design_i/axi_gpio_1/U0/gpio_core_1/Read_Reg_Rst                                                                                                            |                4 |             13 |         3.25 |
|  ip_design_i/processing_system7_0/inst/FCLK_CLK0 | ip_design_i/ps7_0_axi_periph/s00_couplers/auto_pc/inst/gen_axilite.gen_b2s_conv.axilite_b2s/RD.r_channel_0/r_push_r                                             |                                                                                                                                                               |                4 |             13 |         3.25 |
|  ip_design_i/processing_system7_0/inst/FCLK_CLK0 | ip_design_i/bonustimer/U0/bonustimer_v1_0_S00_AXI_inst/timer_value[13]_i_1_n_0                                                                                  | ip_design_i/bonustimer/U0/bonustimer_v1_0_S00_AXI_inst/axi_awready_i_1_n_0                                                                                    |                5 |             14 |         2.80 |
|  ip_design_i/processing_system7_0/inst/FCLK_CLK0 | ip_design_i/ps7_0_axi_periph/s00_couplers/auto_pc/inst/gen_axilite.gen_b2s_conv.axilite_b2s/SI_REG/b.b_pipe/s_ready_i_reg_0                                     |                                                                                                                                                               |                2 |             14 |         7.00 |
|  ip_design_i/processing_system7_0/inst/FCLK_CLK0 | ip_design_i/ps7_0_axi_periph/s00_couplers/auto_pc/inst/gen_axilite.gen_b2s_conv.axilite_b2s/SI_REG/b.b_pipe/p_1_in                                              |                                                                                                                                                               |                2 |             14 |         7.00 |
|  ip_design_i/processing_system7_0/inst/FCLK_CLK2 | ip_design_i/led_controller_0/U0/led_controller_v1_0_S00_AXI_inst/p_1_in[7]                                                                                      | ip_design_i/led_controller_0/U0/led_controller_v1_0_S00_AXI_inst/slv_reg0[7]_i_1_n_0                                                                          |                4 |             16 |         4.00 |
|  ip_design_i/processing_system7_0/inst/FCLK_CLK0 |                                                                                                                                                                 | ip_design_i/LFSR/U0/LFSR_v1_0_S00_AXI_inst/p_0_in                                                                                                             |                4 |             16 |         4.00 |
|  ip_design_i/processing_system7_0/inst/FCLK_CLK0 | ip_design_i/ps7_0_axi_periph/s00_couplers/auto_pc/inst/gen_axilite.gen_b2s_conv.axilite_b2s/WR.aw_channel_0/aw_cmd_fsm_0/m_axi_awready_0                        |                                                                                                                                                               |                3 |             16 |         5.33 |
|  ip_design_i/processing_system7_0/inst/FCLK_CLK0 |                                                                                                                                                                 | ip_design_i/ps7_0_axi_periph/xbar/inst/gen_sasd.crossbar_sasd_0/addr_arbiter_inst/SR[0]                                                                       |                8 |             18 |         2.25 |
|  ip_design_i/processing_system7_0/inst/FCLK_CLK2 |                                                                                                                                                                 | ip_design_i/ps7_0_axi_periph/m00_couplers/auto_cc/inst/gen_clock_conv.gen_async_lite_conv.clock_conv_lite_fwd_aw/m_areset_dly_reg[3]_0[0]                     |                4 |             20 |         5.00 |
|  ip_design_i/processing_system7_0/inst/FCLK_CLK2 |                                                                                                                                                                 | ip_design_i/ps7_0_axi_periph/m03_couplers/auto_cc/inst/gen_clock_conv.gen_async_lite_conv.clock_conv_lite_fwd_aw/m_areset_dly_reg[3]_0[0]                     |                5 |             20 |         4.00 |
|  ip_design_i/processing_system7_0/inst/FCLK_CLK0 |                                                                                                                                                                 | ip_design_i/ps7_0_axi_periph/m03_couplers/auto_cc/inst/gen_clock_conv.gen_async_lite_conv.clock_conv_lite_fwd_aw/s_areset_dly_reg[3]_0[0]                     |                4 |             20 |         5.00 |
|  ip_design_i/processing_system7_0/inst/FCLK_CLK0 |                                                                                                                                                                 | ip_design_i/ps7_0_axi_periph/m00_couplers/auto_cc/inst/gen_clock_conv.gen_async_lite_conv.clock_conv_lite_fwd_aw/s_areset_dly_reg[3]_0[0]                     |                4 |             20 |         5.00 |
|  ip_design_i/processing_system7_0/inst/FCLK_CLK0 |                                                                                                                                                                 | ip_design_i/axi_gpio_0/U0/AXI_LITE_IPIF_I/I_SLAVE_ATTACHMENT/SR[0]                                                                                            |                8 |             21 |         2.62 |
|  ip_design_i/processing_system7_0/inst/FCLK_CLK0 | ip_design_i/axi_gpio_1/U0/AXI_LITE_IPIF_I/I_SLAVE_ATTACHMENT/start2                                                                                             | ip_design_i/axi_gpio_1/U0/AXI_LITE_IPIF_I/I_SLAVE_ATTACHMENT/I_DECODER/cs_ce_clr                                                                              |                4 |             21 |         5.25 |
|  ip_design_i/processing_system7_0/inst/FCLK_CLK0 | ip_design_i/ps7_0_axi_periph/s00_couplers/auto_pc/inst/gen_axilite.gen_b2s_conv.axilite_b2s/RD.ar_channel_0/ar_cmd_fsm_0/m_axi_arready_2                        |                                                                                                                                                               |                9 |             21 |         2.33 |
|  ip_design_i/processing_system7_0/inst/FCLK_CLK0 | ip_design_i/Debouncer/U0/Counter1[0]_i_2_n_0                                                                                                                    | ip_design_i/Debouncer/U0/Counter1[0]_i_1_n_0                                                                                                                  |                6 |             23 |         3.83 |
|  ip_design_i/processing_system7_0/inst/FCLK_CLK0 | ip_design_i/Debouncer/U0/Counter4[0]_i_2_n_0                                                                                                                    | ip_design_i/Debouncer/U0/Counter4[0]_i_1_n_0                                                                                                                  |                6 |             23 |         3.83 |
|  ip_design_i/processing_system7_0/inst/FCLK_CLK0 | ip_design_i/Debouncer/U0/Counter0[0]_i_2_n_0                                                                                                                    | ip_design_i/Debouncer/U0/clear                                                                                                                                |                6 |             24 |         4.00 |
|  ip_design_i/processing_system7_0/inst/FCLK_CLK2 | ip_design_i/zed_audio_ctrl_0/U0/USER_LOGIC_I/Inst_iis_ser/ldata_reg[23]_i_1__0_n_0                                                                              | ip_design_i/zed_audio_ctrl_0/U0/USER_LOGIC_I/Inst_iis_ser/ldata_reg                                                                                           |                6 |             24 |         4.00 |
|  ip_design_i/processing_system7_0/inst/FCLK_CLK2 | ip_design_i/zed_audio_ctrl_0/U0/USER_LOGIC_I/Inst_iis_deser/clk_cntr_reg[4][0]                                                                                  | ip_design_i/zed_audio_ctrl_0/U0/USER_LOGIC_I/Inst_iis_ser/ldata_reg                                                                                           |               11 |             24 |         2.18 |
|  ip_design_i/processing_system7_0/inst/FCLK_CLK0 | ip_design_i/Debouncer/U0/Counter2[0]_i_2_n_0                                                                                                                    | ip_design_i/Debouncer/U0/Counter2[0]_i_1_n_0                                                                                                                  |                6 |             24 |         4.00 |
|  ip_design_i/processing_system7_0/inst/FCLK_CLK0 | ip_design_i/Debouncer/U0/Counter3[0]_i_2_n_0                                                                                                                    | ip_design_i/Debouncer/U0/Counter3[0]_i_1_n_0                                                                                                                  |                6 |             24 |         4.00 |
|  ip_design_i/processing_system7_0/inst/FCLK_CLK0 | ip_design_i/ps7_0_axi_periph/s00_couplers/auto_pc/inst/gen_axilite.gen_b2s_conv.axilite_b2s/WR.aw_channel_0/aw_cmd_fsm_0/FSM_sequential_state_reg[0]_1          |                                                                                                                                                               |                8 |             24 |         3.00 |
|  ip_design_i/processing_system7_0/inst/FCLK_CLK2 | ip_design_i/zed_audio_ctrl_0/U0/USER_LOGIC_I/Inst_iis_deser/ldata_reg0                                                                                          | ip_design_i/zed_audio_ctrl_0/U0/USER_LOGIC_I/Inst_iis_deser/ldata_reg                                                                                         |                4 |             24 |         6.00 |
|  ip_design_i/processing_system7_0/inst/FCLK_CLK2 | ip_design_i/zed_audio_ctrl_0/U0/USER_LOGIC_I/Inst_iis_deser/rdata_reg0                                                                                          | ip_design_i/zed_audio_ctrl_0/U0/USER_LOGIC_I/Inst_iis_deser/ldata_reg                                                                                         |                3 |             24 |         8.00 |
|  ip_design_i/processing_system7_0/inst/FCLK_CLK0 | ip_design_i/ps7_0_axi_periph/xbar/inst/gen_sasd.crossbar_sasd_0/addr_arbiter_inst/p_0_in1_in                                                                    | ip_design_i/ps7_0_axi_periph/xbar/inst/gen_sasd.crossbar_sasd_0/addr_arbiter_inst/SR[0]                                                                       |               11 |             27 |         2.45 |
|  ip_design_i/processing_system7_0/inst/FCLK_CLK0 | ip_design_i/processing_system7_0/inst/S_AXI_HP0_ARREADY                                                                                                         | ip_design_i/vga_controller_0/U0/rd_addr_reg[31]_i_1_n_0                                                                                                       |                8 |             27 |         3.38 |
|  ip_design_i/processing_system7_0/inst/FCLK_CLK0 | ip_design_i/bonustimer/U0/bonustimer_v1_0_S00_AXI_inst/timer_enable                                                                                             | ip_design_i/bonustimer/U0/bonustimer_v1_0_S00_AXI_inst/axi_awready_i_1_n_0                                                                                    |                7 |             28 |         4.00 |
|  ip_design_i/processing_system7_0/inst/FCLK_CLK2 | ip_design_i/led_controller_0/U0/led_controller_v1_0_S00_AXI_inst/slv_reg_rden                                                                                   | ip_design_i/led_controller_0/U0/led_controller_v1_0_S00_AXI_inst/slv_reg0[7]_i_1_n_0                                                                          |                9 |             32 |         3.56 |
|  ip_design_i/processing_system7_0/inst/FCLK_CLK2 | ip_design_i/zed_audio_ctrl_0/U0/AXI_LITE_IPIF_I/I_SLAVE_ATTACHMENT/s_axi_rresp_i                                                                                | ip_design_i/zed_audio_ctrl_0/U0/AXI_LITE_IPIF_I/I_SLAVE_ATTACHMENT/rst                                                                                        |               11 |             32 |         2.91 |
|  ip_design_i/processing_system7_0/inst/FCLK_CLK2 | ip_design_i/zed_audio_ctrl_0/U0/AXI_LITE_IPIF_I/I_SLAVE_ATTACHMENT/I_DECODER/GEN_BKEND_CE_REGISTERS[3].ce_out_i_reg[3]_1[0]                                     | ip_design_i/zed_audio_ctrl_0/U0/USER_LOGIC_I/SR[0]                                                                                                            |                5 |             32 |         6.40 |
|  ip_design_i/processing_system7_0/inst/FCLK_CLK2 | ip_design_i/zed_audio_ctrl_0/U0/AXI_LITE_IPIF_I/I_SLAVE_ATTACHMENT/I_DECODER/E[0]                                                                               | ip_design_i/zed_audio_ctrl_0/U0/USER_LOGIC_I/SR[0]                                                                                                            |                7 |             32 |         4.57 |
|  ip_design_i/processing_system7_0/inst/FCLK_CLK2 | ip_design_i/ps7_0_axi_periph/m03_couplers/auto_cc/inst/gen_clock_conv.gen_async_lite_conv.clock_conv_lite_fwd_w/handshake/dest_hsdata_en                        |                                                                                                                                                               |                6 |             32 |         5.33 |
|  ip_design_i/processing_system7_0/inst/FCLK_CLK0 | ip_design_i/ps7_0_axi_periph/m03_couplers/auto_cc/inst/gen_clock_conv.gen_async_lite_conv.clock_conv_lite_fwd_w/handshake/p_0_in                                |                                                                                                                                                               |                7 |             32 |         4.57 |
|  ip_design_i/processing_system7_0/inst/FCLK_CLK0 | ip_design_i/axi_timer_0/U0/TC_CORE_I/TIMER_CONTROL_I/generateOutPre0_reg_0                                                                                      | ip_design_i/axi_timer_0/U0/TC_CORE_I/GEN_SECOND_TIMER.COUNTER_1_I/COUNTER_I/s_axi_aresetn_0                                                                   |                4 |             32 |         8.00 |
|  ip_design_i/processing_system7_0/inst/FCLK_CLK0 | ip_design_i/axi_timer_0/U0/TC_CORE_I/TIMER_CONTROL_I/CE_0                                                                                                       | ip_design_i/axi_timer_0/U0/TC_CORE_I/GEN_SECOND_TIMER.COUNTER_1_I/COUNTER_I/s_axi_aresetn_0                                                                   |                9 |             32 |         3.56 |
|  ip_design_i/processing_system7_0/inst/FCLK_CLK0 | ip_design_i/axi_timer_0/U0/TC_CORE_I/TIMER_CONTROL_I/TCSR0_GENERATE[20].TCSR0_FF_I_1                                                                            | ip_design_i/axi_timer_0/U0/TC_CORE_I/GEN_SECOND_TIMER.COUNTER_1_I/COUNTER_I/s_axi_aresetn_0                                                                   |                5 |             32 |         6.40 |
|  ip_design_i/processing_system7_0/inst/FCLK_CLK0 | ip_design_i/axi_timer_0/U0/AXI4_LITE_I/I_SLAVE_ATTACHMENT/s_axi_rresp_i                                                                                         | ip_design_i/axi_timer_0/U0/AXI4_LITE_I/I_SLAVE_ATTACHMENT/rst                                                                                                 |               32 |             32 |         1.00 |
|  ip_design_i/processing_system7_0/inst/FCLK_CLK0 | ip_design_i/axi_timer_0/U0/TC_CORE_I/TIMER_CONTROL_I/CE                                                                                                         | ip_design_i/axi_timer_0/U0/TC_CORE_I/GEN_SECOND_TIMER.COUNTER_1_I/COUNTER_I/s_axi_aresetn_0                                                                   |                8 |             32 |         4.00 |
|  ip_design_i/processing_system7_0/inst/FCLK_CLK2 | ip_design_i/ps7_0_axi_periph/m03_couplers/auto_cc/inst/gen_clock_conv.gen_async_lite_conv.clock_conv_lite_resp_r/handshake/p_0_in                               |                                                                                                                                                               |                8 |             34 |         4.25 |
|  ip_design_i/processing_system7_0/inst/FCLK_CLK0 | ip_design_i/ps7_0_axi_periph/xbar/inst/gen_sasd.crossbar_sasd_0/reg_slice_r/aa_rready                                                                           |                                                                                                                                                               |                8 |             34 |         4.25 |
|  ip_design_i/processing_system7_0/inst/FCLK_CLK0 | ip_design_i/ps7_0_axi_periph/m00_couplers/auto_cc/inst/gen_clock_conv.gen_async_lite_conv.clock_conv_lite_resp_r/handshake/dest_hsdata_en                       |                                                                                                                                                               |               12 |             34 |         2.83 |
|  ip_design_i/processing_system7_0/inst/FCLK_CLK2 | ip_design_i/ps7_0_axi_periph/m00_couplers/auto_cc/inst/gen_clock_conv.gen_async_lite_conv.clock_conv_lite_resp_r/handshake/p_0_in                               |                                                                                                                                                               |                8 |             34 |         4.25 |
|  ip_design_i/processing_system7_0/inst/FCLK_CLK0 | ip_design_i/ps7_0_axi_periph/m03_couplers/auto_cc/inst/gen_clock_conv.gen_async_lite_conv.clock_conv_lite_resp_r/handshake/dest_hsdata_en                       |                                                                                                                                                               |                7 |             34 |         4.86 |
|  ip_design_i/processing_system7_0/inst/FCLK_CLK0 | ip_design_i/ps7_0_axi_periph/s00_couplers/auto_pc/inst/gen_axilite.gen_b2s_conv.axilite_b2s/RD.r_channel_0/rd_data_fifo_0/wr_en0                                |                                                                                                                                                               |                9 |             34 |         3.78 |
|  ip_design_i/processing_system7_0/inst/FCLK_CLK0 | ip_design_i/ps7_0_axi_periph/xbar/inst/gen_sasd.crossbar_sasd_0/addr_arbiter_inst/E[0]                                                                          |                                                                                                                                                               |                8 |             35 |         4.38 |
|  ip_design_i/processing_system7_0/inst/FCLK_CLK2 | ip_design_i/ps7_0_axi_periph/m00_couplers/auto_cc/inst/gen_clock_conv.gen_async_lite_conv.clock_conv_lite_fwd_w/handshake/dest_hsdata_en                        |                                                                                                                                                               |                9 |             36 |         4.00 |
|  ip_design_i/processing_system7_0/inst/FCLK_CLK0 | ip_design_i/ps7_0_axi_periph/m00_couplers/auto_cc/inst/gen_clock_conv.gen_async_lite_conv.clock_conv_lite_fwd_w/handshake/p_0_in                                |                                                                                                                                                               |                8 |             36 |         4.50 |
|  ip_design_i/clk_wiz_0/inst/clk_out1             | ip_design_i/vga_controller_0/U0/fifo/U0/inst_fifo_gen/gconvfifo.rf/grf.rf/gntv_or_sync_fifo.gl0.rd/gr1.gr1_int.rfwft/ram_rd_en                                  | ip_design_i/vga_controller_0/U0/fifo/U0/inst_fifo_gen/gconvfifo.rf/grf.rf/rstblk/ngwrdrst.grst.g7serrst.gnsckt_wrst.gic_rst.sckt_rd_rst_ic_reg_0              |               10 |             39 |         3.90 |
|  ip_design_i/processing_system7_0/inst/FCLK_CLK0 | ip_design_i/ps7_0_axi_periph/s00_couplers/auto_pc/inst/gen_axilite.gen_b2s_conv.axilite_b2s/SI_REG/r.r_pipe/s_ready_i_reg_0                                     |                                                                                                                                                               |                8 |             47 |         5.88 |
|  ip_design_i/processing_system7_0/inst/FCLK_CLK0 | ip_design_i/ps7_0_axi_periph/s00_couplers/auto_pc/inst/gen_axilite.gen_b2s_conv.axilite_b2s/SI_REG/r.r_pipe/p_1_in                                              |                                                                                                                                                               |                7 |             47 |         6.71 |
|  ip_design_i/processing_system7_0/inst/FCLK_CLK2 | ip_design_i/zed_audio_ctrl_0/U0/USER_LOGIC_I/Inst_iis_deser/E[0]                                                                                                |                                                                                                                                                               |               10 |             48 |         4.80 |
|  ip_design_i/processing_system7_0/inst/FCLK_CLK0 | ip_design_i/vga_controller_0/U0/fifo/U0/inst_fifo_gen/gconvfifo.rf/grf.rf/gntv_or_sync_fifo.gl0.wr/gwas.wsts/E[0]                                               | ip_design_i/vga_controller_0/U0/fifo/U0/inst_fifo_gen/gconvfifo.rf/grf.rf/rstblk/AR[0]                                                                        |               13 |             48 |         3.69 |
|  ip_design_i/processing_system7_0/inst/FCLK_CLK0 | ip_design_i/ps7_0_axi_periph/s00_couplers/auto_pc/inst/gen_axilite.gen_b2s_conv.axilite_b2s/SI_REG/aw.aw_pipe/s_ready_i_reg_0                                   |                                                                                                                                                               |                9 |             52 |         5.78 |
|  ip_design_i/processing_system7_0/inst/FCLK_CLK0 | ip_design_i/ps7_0_axi_periph/s00_couplers/auto_pc/inst/gen_axilite.gen_b2s_conv.axilite_b2s/RD.ar_channel_0/ar_cmd_fsm_0/m_valid_i_reg[0]                       |                                                                                                                                                               |                9 |             52 |         5.78 |
|  ip_design_i/processing_system7_0/inst/FCLK_CLK0 | ip_design_i/ps7_0_axi_periph/s00_couplers/auto_pc/inst/gen_axilite.gen_b2s_conv.axilite_b2s/WR.aw_channel_0/aw_cmd_fsm_0/E[0]                                   |                                                                                                                                                               |                7 |             52 |         7.43 |
|  ip_design_i/processing_system7_0/inst/FCLK_CLK0 | ip_design_i/ps7_0_axi_periph/s00_couplers/auto_pc/inst/gen_axilite.gen_b2s_conv.axilite_b2s/SI_REG/ar.ar_pipe/s_ready_i_reg_0                                   |                                                                                                                                                               |               11 |             52 |         4.73 |
|  ip_design_i/processing_system7_0/inst/FCLK_CLK0 |                                                                                                                                                                 | ip_design_i/axi_gpio_1/U0/AXI_LITE_IPIF_I/I_SLAVE_ATTACHMENT/SR[0]                                                                                            |               18 |             58 |         3.22 |
|  ip_design_i/clk_wiz_0/inst/clk_out1             |                                                                                                                                                                 |                                                                                                                                                               |               26 |             81 |         3.12 |
|  ip_design_i/processing_system7_0/inst/FCLK_CLK2 |                                                                                                                                                                 |                                                                                                                                                               |               27 |             93 |         3.44 |
|  ip_design_i/processing_system7_0/inst/FCLK_CLK0 |                                                                                                                                                                 |                                                                                                                                                               |              114 |            381 |         3.34 |
+--------------------------------------------------+-----------------------------------------------------------------------------------------------------------------------------------------------------------------+---------------------------------------------------------------------------------------------------------------------------------------------------------------+------------------+----------------+--------------+


